  Tetris.c
C:\Users\irenn\OneDrive\Desktop\termproject\BasicC_Team8\TermProj\TermProj\Tetris.c(383,42): warning C4566: 由通用字元名稱 '\u25C1' 表示的字元，無法在目前的字碼頁中表示 (950)
C:\Users\irenn\OneDrive\Desktop\termproject\BasicC_Team8\TermProj\TermProj\Tetris.c(383,42): warning C4566: 由通用字元名稱 '\u25B7' 表示的字元，無法在目前的字碼頁中表示 (950)
C:\Users\irenn\OneDrive\Desktop\termproject\BasicC_Team8\TermProj\TermProj\Tetris.c(407,28): warning C4566: 由通用字元名稱 '\u25A9' 表示的字元，無法在目前的字碼頁中表示 (950)
C:\Users\irenn\OneDrive\Desktop\termproject\BasicC_Team8\TermProj\TermProj\Tetris.c(731,38): warning C4566: 由通用字元名稱 '\u25A4' 表示的字元，無法在目前的字碼頁中表示 (950)
C:\Users\irenn\OneDrive\Desktop\termproject\BasicC_Team8\TermProj\TermProj\Tetris.c(732,38): warning C4566: 由通用字元名稱 '\u25A4' 表示的字元，無法在目前的字碼頁中表示 (950)
C:\Users\irenn\OneDrive\Desktop\termproject\BasicC_Team8\TermProj\TermProj\Tetris.c(733,38): warning C4566: 由通用字元名稱 '\u25A4' 表示的字元，無法在目前的字碼頁中表示 (950)
C:\Users\irenn\OneDrive\Desktop\termproject\BasicC_Team8\TermProj\TermProj\Tetris.c(734,38): warning C4566: 由通用字元名稱 '\u25A4' 表示的字元，無法在目前的字碼頁中表示 (950)
C:\Users\irenn\OneDrive\Desktop\termproject\BasicC_Team8\TermProj\TermProj\Tetris.c(735,38): warning C4566: 由通用字元名稱 '\u25A4' 表示的字元，無法在目前的字碼頁中表示 (950)
C:\Users\irenn\OneDrive\Desktop\termproject\BasicC_Team8\TermProj\TermProj\Tetris.c(736,38): warning C4566: 由通用字元名稱 '\u25A4' 表示的字元，無法在目前的字碼頁中表示 (950)
C:\Users\irenn\OneDrive\Desktop\termproject\BasicC_Team8\TermProj\TermProj\Tetris.c(737,38): warning C4566: 由通用字元名稱 '\u25A4' 表示的字元，無法在目前的字碼頁中表示 (950)
C:\Users\irenn\OneDrive\Desktop\termproject\BasicC_Team8\TermProj\TermProj\Tetris.c(738,38): warning C4566: 由通用字元名稱 '\u25A4' 表示的字元，無法在目前的字碼頁中表示 (950)
C:\Users\irenn\OneDrive\Desktop\termproject\BasicC_Team8\TermProj\TermProj\Tetris.c(739,38): warning C4566: 由通用字元名稱 '\u25A4' 表示的字元，無法在目前的字碼頁中表示 (950)
C:\Users\irenn\OneDrive\Desktop\termproject\BasicC_Team8\TermProj\TermProj\Tetris.c(740,38): warning C4566: 由通用字元名稱 '\u25A4' 表示的字元，無法在目前的字碼頁中表示 (950)
C:\Users\irenn\OneDrive\Desktop\termproject\BasicC_Team8\TermProj\TermProj\Tetris.c(746,42): warning C4566: 由通用字元名稱 '\u25A4' 表示的字元，無法在目前的字碼頁中表示 (950)
C:\Users\irenn\OneDrive\Desktop\termproject\BasicC_Team8\TermProj\TermProj\Tetris.c(772,34): warning C4566: 由通用字元名稱 '\u25A4' 表示的字元，無法在目前的字碼頁中表示 (950)
C:\Users\irenn\OneDrive\Desktop\termproject\BasicC_Team8\TermProj\TermProj\Tetris.c(773,34): warning C4566: 由通用字元名稱 '\u25A4' 表示的字元，無法在目前的字碼頁中表示 (950)
C:\Users\irenn\OneDrive\Desktop\termproject\BasicC_Team8\TermProj\TermProj\Tetris.c(774,34): warning C4566: 由通用字元名稱 '\u25A4' 表示的字元，無法在目前的字碼頁中表示 (950)
C:\Users\irenn\OneDrive\Desktop\termproject\BasicC_Team8\TermProj\TermProj\Tetris.c(775,34): warning C4566: 由通用字元名稱 '\u25A4' 表示的字元，無法在目前的字碼頁中表示 (950)
C:\Users\irenn\OneDrive\Desktop\termproject\BasicC_Team8\TermProj\TermProj\Tetris.c(776,34): warning C4566: 由通用字元名稱 '\u25A4' 表示的字元，無法在目前的字碼頁中表示 (950)
C:\Users\irenn\OneDrive\Desktop\termproject\BasicC_Team8\TermProj\TermProj\Tetris.c(777,34): warning C4566: 由通用字元名稱 '\u25A4' 表示的字元，無法在目前的字碼頁中表示 (950)
C:\Users\irenn\OneDrive\Desktop\termproject\BasicC_Team8\TermProj\TermProj\Tetris.c(778,34): warning C4566: 由通用字元名稱 '\u25A4' 表示的字元，無法在目前的字碼頁中表示 (950)
C:\Users\irenn\OneDrive\Desktop\termproject\BasicC_Team8\TermProj\TermProj\Tetris.c(779,34): warning C4566: 由通用字元名稱 '\u25A4' 表示的字元，無法在目前的字碼頁中表示 (950)
  TermProj.vcxproj -> C:\Users\irenn\OneDrive\Desktop\termproject\BasicC_Team8\TermProj\Debug\TermProj.exe
